{"D:\\dev\\Projetos por conta\\React\\React-mhw-api-v2\\src\\components\\Header\\index.tsx": {"path":"D:\\dev\\Projetos por conta\\React\\React-mhw-api-v2\\src\\components\\Header\\index.tsx","all":false,"statementMap":{"0":{"start":{"line":1,"column":0},"end":{"line":1,"column":35}},"1":{"start":{"line":2,"column":0},"end":{"line":2,"column":45}},"2":{"start":{"line":3,"column":0},"end":{"line":3,"column":22}},"3":{"start":{"line":4,"column":0},"end":{"line":4,"column":10}},"4":{"start":{"line":5,"column":0},"end":{"line":5,"column":13}},"5":{"start":{"line":6,"column":0},"end":{"line":6,"column":56}},"6":{"start":{"line":7,"column":0},"end":{"line":7,"column":33}},"7":{"start":{"line":8,"column":0},"end":{"line":8,"column":14}},"8":{"start":{"line":9,"column":0},"end":{"line":9,"column":4}},"9":{"start":{"line":10,"column":0},"end":{"line":10,"column":2}},"10":{"start":{"line":11,"column":0},"end":{"line":11,"column":0}},"11":{"start":{"line":12,"column":0},"end":{"line":12,"column":22}}},"s":{"0":1,"1":1,"2":1,"3":1,"4":1,"5":1,"6":1,"7":1,"8":1,"9":1,"10":1,"11":1},"branchMap":{"0":{"type":"branch","line":3,"loc":{"start":{"line":3,"column":15},"end":{"line":10,"column":2}},"locations":[{"start":{"line":3,"column":15},"end":{"line":10,"column":2}}]}},"b":{"0":[1]},"fnMap":{"0":{"name":"Header","decl":{"start":{"line":3,"column":15},"end":{"line":10,"column":2}},"loc":{"start":{"line":3,"column":15},"end":{"line":10,"column":2}},"line":3}},"f":{"0":1}}
,"D:\\dev\\Projetos por conta\\React\\React-mhw-api-v2\\src\\components\\Loader\\index.tsx": {"path":"D:\\dev\\Projetos por conta\\React\\React-mhw-api-v2\\src\\components\\Loader\\index.tsx","all":false,"statementMap":{"0":{"start":{"line":1,"column":0},"end":{"line":1,"column":52}},"1":{"start":{"line":2,"column":0},"end":{"line":2,"column":35}},"2":{"start":{"line":3,"column":0},"end":{"line":3,"column":22}},"3":{"start":{"line":4,"column":0},"end":{"line":4,"column":39}},"4":{"start":{"line":5,"column":0},"end":{"line":5,"column":10}},"5":{"start":{"line":6,"column":0},"end":{"line":6,"column":6}},"6":{"start":{"line":7,"column":0},"end":{"line":7,"column":21}},"7":{"start":{"line":8,"column":0},"end":{"line":8,"column":17}},"8":{"start":{"line":9,"column":0},"end":{"line":9,"column":41}},"9":{"start":{"line":10,"column":0},"end":{"line":10,"column":18}},"10":{"start":{"line":11,"column":0},"end":{"line":11,"column":8}},"11":{"start":{"line":12,"column":0},"end":{"line":12,"column":7}},"12":{"start":{"line":13,"column":0},"end":{"line":13,"column":4}},"13":{"start":{"line":14,"column":0},"end":{"line":14,"column":2}},"14":{"start":{"line":15,"column":0},"end":{"line":15,"column":0}},"15":{"start":{"line":16,"column":0},"end":{"line":16,"column":22}}},"s":{"0":1,"1":1,"2":1,"3":1,"4":1,"5":1,"6":1,"7":1,"8":1,"9":1,"10":1,"11":1,"12":1,"13":1,"14":1,"15":1},"branchMap":{"0":{"type":"branch","line":3,"loc":{"start":{"line":3,"column":15},"end":{"line":14,"column":2}},"locations":[{"start":{"line":3,"column":15},"end":{"line":14,"column":2}}]}},"b":{"0":[1]},"fnMap":{"0":{"name":"Loader","decl":{"start":{"line":3,"column":15},"end":{"line":14,"column":2}},"loc":{"start":{"line":3,"column":15},"end":{"line":14,"column":2}},"line":3}},"f":{"0":1}}
,"D:\\dev\\Projetos por conta\\React\\React-mhw-api-v2\\src\\components\\NoData\\index.tsx": {"path":"D:\\dev\\Projetos por conta\\React\\React-mhw-api-v2\\src\\components\\NoData\\index.tsx","all":false,"statementMap":{"0":{"start":{"line":1,"column":0},"end":{"line":1,"column":39}},"1":{"start":{"line":2,"column":0},"end":{"line":2,"column":0}},"2":{"start":{"line":3,"column":0},"end":{"line":3,"column":23}},"3":{"start":{"line":4,"column":0},"end":{"line":4,"column":19}},"4":{"start":{"line":5,"column":0},"end":{"line":5,"column":20}},"5":{"start":{"line":6,"column":0},"end":{"line":6,"column":18}},"6":{"start":{"line":7,"column":0},"end":{"line":7,"column":1}},"7":{"start":{"line":8,"column":0},"end":{"line":8,"column":0}},"8":{"start":{"line":9,"column":0},"end":{"line":9,"column":65}},"9":{"start":{"line":10,"column":0},"end":{"line":10,"column":10}},"10":{"start":{"line":11,"column":0},"end":{"line":11,"column":15}},"11":{"start":{"line":12,"column":0},"end":{"line":12,"column":42}},"12":{"start":{"line":13,"column":0},"end":{"line":13,"column":46}},"13":{"start":{"line":14,"column":0},"end":{"line":14,"column":5}},"14":{"start":{"line":15,"column":0},"end":{"line":15,"column":24}},"15":{"start":{"line":16,"column":0},"end":{"line":16,"column":17}},"16":{"start":{"line":17,"column":0},"end":{"line":17,"column":4}},"17":{"start":{"line":18,"column":0},"end":{"line":18,"column":2}},"18":{"start":{"line":19,"column":0},"end":{"line":19,"column":0}},"19":{"start":{"line":20,"column":0},"end":{"line":20,"column":71}},"20":{"start":{"line":21,"column":0},"end":{"line":21,"column":14}},"21":{"start":{"line":22,"column":0},"end":{"line":22,"column":26}},"22":{"start":{"line":23,"column":0},"end":{"line":23,"column":6}},"23":{"start":{"line":24,"column":0},"end":{"line":24,"column":23}},"24":{"start":{"line":25,"column":0},"end":{"line":25,"column":42}},"25":{"start":{"line":26,"column":0},"end":{"line":26,"column":45}},"26":{"start":{"line":27,"column":0},"end":{"line":27,"column":23}},"27":{"start":{"line":28,"column":0},"end":{"line":28,"column":21}},"28":{"start":{"line":29,"column":0},"end":{"line":29,"column":3}},"29":{"start":{"line":30,"column":0},"end":{"line":30,"column":2}},"30":{"start":{"line":31,"column":0},"end":{"line":31,"column":0}},"31":{"start":{"line":32,"column":0},"end":{"line":32,"column":22}}},"s":{"0":1,"1":1,"2":1,"3":1,"4":1,"5":1,"6":1,"7":1,"8":1,"9":1,"10":1,"11":1,"12":1,"13":1,"14":1,"15":1,"16":1,"17":1,"18":1,"19":1,"20":1,"21":1,"22":1,"23":1,"24":1,"25":1,"26":1,"27":1,"28":1,"29":1,"30":1,"31":1},"branchMap":{"0":{"type":"branch","line":9,"loc":{"start":{"line":9,"column":15},"end":{"line":18,"column":2}},"locations":[{"start":{"line":9,"column":15},"end":{"line":18,"column":2}}]},"1":{"type":"branch","line":12,"loc":{"start":{"line":12,"column":16},"end":{"line":12,"column":36}},"locations":[{"start":{"line":12,"column":16},"end":{"line":12,"column":36}}]},"2":{"type":"branch","line":13,"loc":{"start":{"line":13,"column":17},"end":{"line":13,"column":39}},"locations":[{"start":{"line":13,"column":17},"end":{"line":13,"column":39}}]},"3":{"type":"branch","line":25,"loc":{"start":{"line":25,"column":15},"end":{"line":25,"column":40}},"locations":[{"start":{"line":25,"column":15},"end":{"line":25,"column":40}}]},"4":{"type":"branch","line":26,"loc":{"start":{"line":26,"column":17},"end":{"line":26,"column":43}},"locations":[{"start":{"line":26,"column":17},"end":{"line":26,"column":43}}]}},"b":{"0":[1],"1":[0],"2":[0],"3":[1],"4":[1]},"fnMap":{"0":{"name":"NoData","decl":{"start":{"line":9,"column":15},"end":{"line":18,"column":2}},"loc":{"start":{"line":9,"column":15},"end":{"line":18,"column":2}},"line":9},"1":{"name":"Object.<anonymous>._default","decl":{"start":{"line":25,"column":15},"end":{"line":25,"column":40}},"loc":{"start":{"line":25,"column":15},"end":{"line":25,"column":40}},"line":25}},"f":{"0":1,"1":1}}
,"D:\\dev\\Projetos por conta\\React\\React-mhw-api-v2\\src\\components\\Pagination\\index.tsx": {"path":"D:\\dev\\Projetos por conta\\React\\React-mhw-api-v2\\src\\components\\Pagination\\index.tsx","all":false,"statementMap":{"0":{"start":{"line":1,"column":0},"end":{"line":1,"column":62}},"1":{"start":{"line":2,"column":0},"end":{"line":2,"column":71}},"2":{"start":{"line":3,"column":0},"end":{"line":3,"column":41}},"3":{"start":{"line":4,"column":0},"end":{"line":4,"column":0}},"4":{"start":{"line":5,"column":0},"end":{"line":5,"column":26}},"5":{"start":{"line":6,"column":0},"end":{"line":6,"column":74}},"6":{"start":{"line":7,"column":0},"end":{"line":7,"column":24}},"7":{"start":{"line":8,"column":0},"end":{"line":8,"column":0}},"8":{"start":{"line":9,"column":0},"end":{"line":9,"column":10}},"9":{"start":{"line":10,"column":0},"end":{"line":10,"column":13}},"10":{"start":{"line":11,"column":0},"end":{"line":11,"column":11}},"11":{"start":{"line":12,"column":0},"end":{"line":12,"column":24}},"12":{"start":{"line":13,"column":0},"end":{"line":13,"column":22}},"13":{"start":{"line":14,"column":0},"end":{"line":14,"column":10}},"14":{"start":{"line":15,"column":0},"end":{"line":15,"column":7}},"15":{"start":{"line":16,"column":0},"end":{"line":16,"column":54}},"16":{"start":{"line":17,"column":0},"end":{"line":17,"column":13}},"17":{"start":{"line":18,"column":0},"end":{"line":18,"column":34}},"18":{"start":{"line":19,"column":0},"end":{"line":19,"column":13}},"19":{"start":{"line":20,"column":0},"end":{"line":20,"column":30}},"20":{"start":{"line":21,"column":0},"end":{"line":21,"column":60}},"21":{"start":{"line":22,"column":0},"end":{"line":22,"column":26}},"22":{"start":{"line":23,"column":0},"end":{"line":23,"column":29}},"23":{"start":{"line":24,"column":0},"end":{"line":24,"column":12}},"24":{"start":{"line":25,"column":0},"end":{"line":25,"column":9}},"25":{"start":{"line":26,"column":0},"end":{"line":26,"column":16}},"26":{"start":{"line":27,"column":0},"end":{"line":27,"column":15}},"27":{"start":{"line":28,"column":0},"end":{"line":28,"column":9}},"28":{"start":{"line":29,"column":0},"end":{"line":29,"column":11}},"29":{"start":{"line":30,"column":0},"end":{"line":30,"column":24}},"30":{"start":{"line":31,"column":0},"end":{"line":31,"column":25}},"31":{"start":{"line":32,"column":0},"end":{"line":32,"column":10}},"32":{"start":{"line":33,"column":0},"end":{"line":33,"column":7}},"33":{"start":{"line":34,"column":0},"end":{"line":34,"column":58}},"34":{"start":{"line":35,"column":0},"end":{"line":35,"column":13}},"35":{"start":{"line":36,"column":0},"end":{"line":36,"column":14}},"36":{"start":{"line":37,"column":0},"end":{"line":37,"column":4}},"37":{"start":{"line":38,"column":0},"end":{"line":38,"column":2}},"38":{"start":{"line":39,"column":0},"end":{"line":39,"column":0}},"39":{"start":{"line":40,"column":0},"end":{"line":40,"column":26}}},"s":{"0":1,"1":1,"2":1,"3":1,"4":1,"5":10,"6":10,"7":10,"8":10,"9":10,"10":10,"11":10,"12":1,"13":1,"14":10,"15":10,"16":10,"17":10,"18":9,"19":9,"20":10,"21":10,"22":1,"23":1,"24":10,"25":10,"26":10,"27":10,"28":10,"29":10,"30":1,"31":1,"32":10,"33":10,"34":10,"35":10,"36":10,"37":10,"38":1,"39":1},"branchMap":{"0":{"type":"branch","line":5,"loc":{"start":{"line":5,"column":19},"end":{"line":38,"column":2}},"locations":[{"start":{"line":5,"column":19},"end":{"line":38,"column":2}}]},"1":{"type":"branch","line":18,"loc":{"start":{"line":18,"column":7},"end":{"line":18,"column":23}},"locations":[{"start":{"line":18,"column":7},"end":{"line":18,"column":23}}]},"2":{"type":"branch","line":12,"loc":{"start":{"line":12,"column":17},"end":{"line":14,"column":10}},"locations":[{"start":{"line":12,"column":17},"end":{"line":14,"column":10}}]},"3":{"type":"branch","line":18,"loc":{"start":{"line":18,"column":23},"end":{"line":20,"column":30}},"locations":[{"start":{"line":18,"column":23},"end":{"line":20,"column":30}}]},"4":{"type":"branch","line":21,"loc":{"start":{"line":21,"column":32},"end":{"line":21,"column":57}},"locations":[{"start":{"line":21,"column":32},"end":{"line":21,"column":57}}]},"5":{"type":"branch","line":22,"loc":{"start":{"line":22,"column":19},"end":{"line":24,"column":12}},"locations":[{"start":{"line":22,"column":19},"end":{"line":24,"column":12}}]},"6":{"type":"branch","line":30,"loc":{"start":{"line":30,"column":17},"end":{"line":32,"column":10}},"locations":[{"start":{"line":30,"column":17},"end":{"line":32,"column":10}}]}},"b":{"0":[10],"1":[3],"2":[1],"3":[9],"4":[3],"5":[1],"6":[1]},"fnMap":{"0":{"name":"Pagination","decl":{"start":{"line":5,"column":19},"end":{"line":38,"column":2}},"loc":{"start":{"line":5,"column":19},"end":{"line":38,"column":2}},"line":5},"1":{"name":"onClick","decl":{"start":{"line":12,"column":17},"end":{"line":14,"column":10}},"loc":{"start":{"line":12,"column":17},"end":{"line":14,"column":10}},"line":12},"2":{"name":"onClick","decl":{"start":{"line":22,"column":19},"end":{"line":24,"column":12}},"loc":{"start":{"line":22,"column":19},"end":{"line":24,"column":12}},"line":22},"3":{"name":"onClick","decl":{"start":{"line":30,"column":17},"end":{"line":32,"column":10}},"loc":{"start":{"line":30,"column":17},"end":{"line":32,"column":10}},"line":30}},"f":{"0":10,"1":1,"2":1,"3":1}}
,"D:\\dev\\Projetos por conta\\React\\React-mhw-api-v2\\src\\pages\\Armors\\index.tsx": {"path":"D:\\dev\\Projetos por conta\\React\\React-mhw-api-v2\\src\\pages\\Armors\\index.tsx","all":true,"statementMap":{"0":{"start":{"line":1,"column":0},"end":{"line":1,"column":36}},"1":{"start":{"line":2,"column":0},"end":{"line":2,"column":44}},"2":{"start":{"line":3,"column":0},"end":{"line":3,"column":42}},"3":{"start":{"line":4,"column":0},"end":{"line":4,"column":53}},"4":{"start":{"line":5,"column":0},"end":{"line":5,"column":0}},"5":{"start":{"line":6,"column":0},"end":{"line":6,"column":22}},"6":{"start":{"line":7,"column":0},"end":{"line":7,"column":10}},"7":{"start":{"line":8,"column":0},"end":{"line":8,"column":13}},"8":{"start":{"line":9,"column":0},"end":{"line":9,"column":12}},"9":{"start":{"line":10,"column":0},"end":{"line":10,"column":24}},"10":{"start":{"line":11,"column":0},"end":{"line":11,"column":13}},"11":{"start":{"line":12,"column":0},"end":{"line":12,"column":12}},"12":{"start":{"line":13,"column":0},"end":{"line":13,"column":21}},"13":{"start":{"line":14,"column":0},"end":{"line":14,"column":13}},"14":{"start":{"line":15,"column":0},"end":{"line":15,"column":12}},"15":{"start":{"line":16,"column":0},"end":{"line":16,"column":25}},"16":{"start":{"line":17,"column":0},"end":{"line":17,"column":13}},"17":{"start":{"line":18,"column":0},"end":{"line":18,"column":14}},"18":{"start":{"line":19,"column":0},"end":{"line":19,"column":4}},"19":{"start":{"line":20,"column":0},"end":{"line":20,"column":2}},"20":{"start":{"line":21,"column":0},"end":{"line":21,"column":0}},"21":{"start":{"line":22,"column":0},"end":{"line":22,"column":22}}},"s":{"0":0,"1":0,"2":0,"3":0,"4":0,"5":0,"6":0,"7":0,"8":0,"9":0,"10":0,"11":0,"12":0,"13":0,"14":0,"15":0,"16":0,"17":0,"18":0,"19":0,"20":0,"21":0},"branchMap":{"0":{"type":"branch","line":1,"loc":{"start":{"line":1,"column":0},"end":{"line":22,"column":22}},"locations":[{"start":{"line":1,"column":0},"end":{"line":22,"column":22}}]}},"b":{"0":[0]},"fnMap":{"0":{"name":"(empty-report)","decl":{"start":{"line":1,"column":0},"end":{"line":22,"column":22}},"loc":{"start":{"line":1,"column":0},"end":{"line":22,"column":22}},"line":1}},"f":{"0":0}}
,"D:\\dev\\Projetos por conta\\React\\React-mhw-api-v2\\src\\pages\\Armors\\ArmorInfo\\index.tsx": {"path":"D:\\dev\\Projetos por conta\\React\\React-mhw-api-v2\\src\\pages\\Armors\\ArmorInfo\\index.tsx","all":false,"statementMap":{"0":{"start":{"line":1,"column":0},"end":{"line":1,"column":8}},"1":{"start":{"line":2,"column":0},"end":{"line":2,"column":10}},"2":{"start":{"line":3,"column":0},"end":{"line":3,"column":8}},"3":{"start":{"line":4,"column":0},"end":{"line":4,"column":13}},"4":{"start":{"line":5,"column":0},"end":{"line":5,"column":15}},"5":{"start":{"line":6,"column":0},"end":{"line":6,"column":7}},"6":{"start":{"line":7,"column":0},"end":{"line":7,"column":6}},"7":{"start":{"line":8,"column":0},"end":{"line":8,"column":9}},"8":{"start":{"line":9,"column":0},"end":{"line":9,"column":17}},"9":{"start":{"line":10,"column":0},"end":{"line":10,"column":13}},"10":{"start":{"line":11,"column":0},"end":{"line":11,"column":10}},"11":{"start":{"line":12,"column":0},"end":{"line":12,"column":9}},"12":{"start":{"line":13,"column":0},"end":{"line":13,"column":18}},"13":{"start":{"line":14,"column":0},"end":{"line":14,"column":7}},"14":{"start":{"line":15,"column":0},"end":{"line":15,"column":16}},"15":{"start":{"line":16,"column":0},"end":{"line":16,"column":18}},"16":{"start":{"line":17,"column":0},"end":{"line":17,"column":0}},"17":{"start":{"line":18,"column":0},"end":{"line":18,"column":64}},"18":{"start":{"line":19,"column":0},"end":{"line":19,"column":72}},"19":{"start":{"line":20,"column":0},"end":{"line":20,"column":43}},"20":{"start":{"line":21,"column":0},"end":{"line":21,"column":61}},"21":{"start":{"line":22,"column":0},"end":{"line":22,"column":48}},"22":{"start":{"line":23,"column":0},"end":{"line":23,"column":69}},"23":{"start":{"line":24,"column":0},"end":{"line":24,"column":55}},"24":{"start":{"line":25,"column":0},"end":{"line":25,"column":0}},"25":{"start":{"line":26,"column":0},"end":{"line":26,"column":25}},"26":{"start":{"line":27,"column":0},"end":{"line":27,"column":80}},"27":{"start":{"line":28,"column":0},"end":{"line":28,"column":0}},"28":{"start":{"line":29,"column":0},"end":{"line":29,"column":61}},"29":{"start":{"line":30,"column":0},"end":{"line":30,"column":39}},"30":{"start":{"line":31,"column":0},"end":{"line":31,"column":0}},"31":{"start":{"line":32,"column":0},"end":{"line":32,"column":10}},"32":{"start":{"line":33,"column":0},"end":{"line":33,"column":13}},"33":{"start":{"line":34,"column":0},"end":{"line":34,"column":13}},"34":{"start":{"line":35,"column":0},"end":{"line":35,"column":38}},"35":{"start":{"line":36,"column":0},"end":{"line":36,"column":14}},"36":{"start":{"line":37,"column":0},"end":{"line":37,"column":15}},"37":{"start":{"line":38,"column":0},"end":{"line":38,"column":20}},"38":{"start":{"line":39,"column":0},"end":{"line":39,"column":16}},"39":{"start":{"line":40,"column":0},"end":{"line":40,"column":71}},"40":{"start":{"line":41,"column":0},"end":{"line":41,"column":17}},"41":{"start":{"line":42,"column":0},"end":{"line":42,"column":19}},"42":{"start":{"line":43,"column":0},"end":{"line":43,"column":62}},"43":{"start":{"line":44,"column":0},"end":{"line":44,"column":30}},"44":{"start":{"line":45,"column":0},"end":{"line":45,"column":20}},"45":{"start":{"line":46,"column":0},"end":{"line":46,"column":50}},"46":{"start":{"line":47,"column":0},"end":{"line":47,"column":18}},"47":{"start":{"line":48,"column":0},"end":{"line":48,"column":37}},"48":{"start":{"line":49,"column":0},"end":{"line":49,"column":43}},"49":{"start":{"line":50,"column":0},"end":{"line":50,"column":21}},"50":{"start":{"line":51,"column":0},"end":{"line":51,"column":37}},"51":{"start":{"line":52,"column":0},"end":{"line":52,"column":31}},"52":{"start":{"line":53,"column":0},"end":{"line":53,"column":22}},"53":{"start":{"line":54,"column":0},"end":{"line":54,"column":71}},"54":{"start":{"line":55,"column":0},"end":{"line":55,"column":20}},"55":{"start":{"line":56,"column":0},"end":{"line":56,"column":15}},"56":{"start":{"line":57,"column":0},"end":{"line":57,"column":17}},"57":{"start":{"line":58,"column":0},"end":{"line":58,"column":22}},"58":{"start":{"line":59,"column":0},"end":{"line":59,"column":78}},"59":{"start":{"line":60,"column":0},"end":{"line":60,"column":55}},"60":{"start":{"line":61,"column":0},"end":{"line":61,"column":23}},"61":{"start":{"line":62,"column":0},"end":{"line":62,"column":43}},"62":{"start":{"line":63,"column":0},"end":{"line":63,"column":22}},"63":{"start":{"line":64,"column":0},"end":{"line":64,"column":25}},"64":{"start":{"line":65,"column":0},"end":{"line":65,"column":42}},"65":{"start":{"line":66,"column":0},"end":{"line":66,"column":31}},"66":{"start":{"line":67,"column":0},"end":{"line":67,"column":46}},"67":{"start":{"line":68,"column":0},"end":{"line":68,"column":32}},"68":{"start":{"line":69,"column":0},"end":{"line":69,"column":31}},"69":{"start":{"line":70,"column":0},"end":{"line":70,"column":21}},"70":{"start":{"line":71,"column":0},"end":{"line":71,"column":41}},"71":{"start":{"line":72,"column":0},"end":{"line":72,"column":20}},"72":{"start":{"line":73,"column":0},"end":{"line":73,"column":21}},"73":{"start":{"line":74,"column":0},"end":{"line":74,"column":41}},"74":{"start":{"line":75,"column":0},"end":{"line":75,"column":33}},"75":{"start":{"line":76,"column":0},"end":{"line":76,"column":44}},"76":{"start":{"line":77,"column":0},"end":{"line":77,"column":34}},"77":{"start":{"line":78,"column":0},"end":{"line":78,"column":34}},"78":{"start":{"line":79,"column":0},"end":{"line":79,"column":30}},"79":{"start":{"line":80,"column":0},"end":{"line":80,"column":22}},"80":{"start":{"line":81,"column":0},"end":{"line":81,"column":22}},"81":{"start":{"line":82,"column":0},"end":{"line":82,"column":24}},"82":{"start":{"line":83,"column":0},"end":{"line":83,"column":15}},"83":{"start":{"line":84,"column":0},"end":{"line":84,"column":50}},"84":{"start":{"line":85,"column":0},"end":{"line":85,"column":21}},"85":{"start":{"line":86,"column":0},"end":{"line":86,"column":30}},"86":{"start":{"line":87,"column":0},"end":{"line":87,"column":72}},"87":{"start":{"line":88,"column":0},"end":{"line":88,"column":16}},"88":{"start":{"line":89,"column":0},"end":{"line":89,"column":14}},"89":{"start":{"line":90,"column":0},"end":{"line":90,"column":23}},"90":{"start":{"line":91,"column":0},"end":{"line":91,"column":21}},"91":{"start":{"line":92,"column":0},"end":{"line":92,"column":22}},"92":{"start":{"line":93,"column":0},"end":{"line":93,"column":18}},"93":{"start":{"line":94,"column":0},"end":{"line":94,"column":51}},"94":{"start":{"line":95,"column":0},"end":{"line":95,"column":21}},"95":{"start":{"line":96,"column":0},"end":{"line":96,"column":53}},"96":{"start":{"line":97,"column":0},"end":{"line":97,"column":51}},"97":{"start":{"line":98,"column":0},"end":{"line":98,"column":26}},"98":{"start":{"line":99,"column":0},"end":{"line":99,"column":44}},"99":{"start":{"line":100,"column":0},"end":{"line":100,"column":52}},"100":{"start":{"line":101,"column":0},"end":{"line":101,"column":27}},"101":{"start":{"line":102,"column":0},"end":{"line":102,"column":31}},"102":{"start":{"line":103,"column":0},"end":{"line":103,"column":78}},"103":{"start":{"line":104,"column":0},"end":{"line":104,"column":31}},"104":{"start":{"line":105,"column":0},"end":{"line":105,"column":20}},"105":{"start":{"line":106,"column":0},"end":{"line":106,"column":26}},"106":{"start":{"line":107,"column":0},"end":{"line":107,"column":17}},"107":{"start":{"line":108,"column":0},"end":{"line":108,"column":53}},"108":{"start":{"line":109,"column":0},"end":{"line":109,"column":73}},"109":{"start":{"line":110,"column":0},"end":{"line":110,"column":16}},"110":{"start":{"line":111,"column":0},"end":{"line":111,"column":22}},"111":{"start":{"line":112,"column":0},"end":{"line":112,"column":19}},"112":{"start":{"line":113,"column":0},"end":{"line":113,"column":26}},"113":{"start":{"line":114,"column":0},"end":{"line":114,"column":61}},"114":{"start":{"line":115,"column":0},"end":{"line":115,"column":21}},"115":{"start":{"line":116,"column":0},"end":{"line":116,"column":52}},"116":{"start":{"line":117,"column":0},"end":{"line":117,"column":57}},"117":{"start":{"line":118,"column":0},"end":{"line":118,"column":33}},"118":{"start":{"line":119,"column":0},"end":{"line":119,"column":47}},"119":{"start":{"line":120,"column":0},"end":{"line":120,"column":34}},"120":{"start":{"line":121,"column":0},"end":{"line":121,"column":35}},"121":{"start":{"line":122,"column":0},"end":{"line":122,"column":41}},"122":{"start":{"line":123,"column":0},"end":{"line":123,"column":34}},"123":{"start":{"line":124,"column":0},"end":{"line":124,"column":56}},"124":{"start":{"line":125,"column":0},"end":{"line":125,"column":36}},"125":{"start":{"line":126,"column":0},"end":{"line":126,"column":26}},"126":{"start":{"line":127,"column":0},"end":{"line":127,"column":17}},"127":{"start":{"line":128,"column":0},"end":{"line":128,"column":34}},"128":{"start":{"line":129,"column":0},"end":{"line":129,"column":77}},"129":{"start":{"line":130,"column":0},"end":{"line":130,"column":16}},"130":{"start":{"line":131,"column":0},"end":{"line":131,"column":22}},"131":{"start":{"line":132,"column":0},"end":{"line":132,"column":27}},"132":{"start":{"line":133,"column":0},"end":{"line":133,"column":23}},"133":{"start":{"line":134,"column":0},"end":{"line":134,"column":16}},"134":{"start":{"line":135,"column":0},"end":{"line":135,"column":14}},"135":{"start":{"line":136,"column":0},"end":{"line":136,"column":4}},"136":{"start":{"line":137,"column":0},"end":{"line":137,"column":2}},"137":{"start":{"line":138,"column":0},"end":{"line":138,"column":0}},"138":{"start":{"line":139,"column":0},"end":{"line":139,"column":25}}},"s":{"0":1,"1":1,"2":1,"3":1,"4":1,"5":1,"6":1,"7":1,"8":1,"9":1,"10":1,"11":1,"12":1,"13":1,"14":1,"15":1,"16":1,"17":1,"18":1,"19":1,"20":1,"21":1,"22":1,"23":1,"24":1,"25":1,"26":6,"27":6,"28":6,"29":6,"30":6,"31":6,"32":6,"33":6,"34":6,"35":6,"36":6,"37":6,"38":6,"39":6,"40":6,"41":6,"42":6,"43":6,"44":6,"45":6,"46":6,"47":6,"48":25,"49":6,"50":6,"51":6,"52":6,"53":6,"54":6,"55":6,"56":6,"57":6,"58":6,"59":6,"60":6,"61":6,"62":6,"63":6,"64":6,"65":6,"66":0,"67":0,"68":0,"69":6,"70":6,"71":6,"72":6,"73":6,"74":6,"75":0,"76":0,"77":0,"78":6,"79":6,"80":6,"81":6,"82":6,"83":6,"84":6,"85":6,"86":6,"87":6,"88":6,"89":6,"90":6,"91":6,"92":6,"93":6,"94":6,"95":6,"96":5,"97":6,"98":6,"99":6,"100":6,"101":6,"102":6,"103":6,"104":6,"105":6,"106":6,"107":6,"108":6,"109":6,"110":6,"111":6,"112":6,"113":6,"114":6,"115":6,"116":5,"117":6,"118":6,"119":6,"120":6,"121":6,"122":6,"123":6,"124":6,"125":6,"126":6,"127":6,"128":6,"129":6,"130":6,"131":6,"132":6,"133":6,"134":6,"135":6,"136":6,"137":1,"138":1},"branchMap":{"0":{"type":"branch","line":26,"loc":{"start":{"line":26,"column":18},"end":{"line":137,"column":2}},"locations":[{"start":{"line":26,"column":18},"end":{"line":137,"column":2}}]},"1":{"type":"branch","line":35,"loc":{"start":{"line":35,"column":13},"end":{"line":35,"column":38}},"locations":[{"start":{"line":35,"column":13},"end":{"line":35,"column":38}}]},"2":{"type":"branch","line":46,"loc":{"start":{"line":46,"column":18},"end":{"line":46,"column":41}},"locations":[{"start":{"line":46,"column":18},"end":{"line":46,"column":41}}]},"3":{"type":"branch","line":60,"loc":{"start":{"line":60,"column":13},"end":{"line":60,"column":34}},"locations":[{"start":{"line":60,"column":13},"end":{"line":60,"column":34}}]},"4":{"type":"branch","line":84,"loc":{"start":{"line":84,"column":13},"end":{"line":84,"column":34}},"locations":[{"start":{"line":84,"column":13},"end":{"line":84,"column":34}}]},"5":{"type":"branch","line":96,"loc":{"start":{"line":96,"column":15},"end":{"line":96,"column":37}},"locations":[{"start":{"line":96,"column":15},"end":{"line":96,"column":37}}]},"6":{"type":"branch","line":108,"loc":{"start":{"line":108,"column":15},"end":{"line":108,"column":37}},"locations":[{"start":{"line":108,"column":15},"end":{"line":108,"column":37}}]},"7":{"type":"branch","line":116,"loc":{"start":{"line":116,"column":15},"end":{"line":116,"column":36}},"locations":[{"start":{"line":116,"column":15},"end":{"line":116,"column":36}}]},"8":{"type":"branch","line":48,"loc":{"start":{"line":48,"column":26},"end":{"line":49,"column":43}},"locations":[{"start":{"line":48,"column":26},"end":{"line":49,"column":43}}]},"9":{"type":"branch","line":67,"loc":{"start":{"line":67,"column":-2},"end":{"line":69,"column":31}},"locations":[{"start":{"line":67,"column":-2},"end":{"line":69,"column":31}}]},"10":{"type":"branch","line":75,"loc":{"start":{"line":75,"column":24},"end":{"line":78,"column":34}},"locations":[{"start":{"line":75,"column":24},"end":{"line":78,"column":34}}]},"11":{"type":"branch","line":96,"loc":{"start":{"line":96,"column":41},"end":{"line":97,"column":51}},"locations":[{"start":{"line":96,"column":41},"end":{"line":97,"column":51}}]},"12":{"type":"branch","line":103,"loc":{"start":{"line":103,"column":36},"end":{"line":103,"column":76}},"locations":[{"start":{"line":103,"column":36},"end":{"line":103,"column":76}}]},"13":{"type":"branch","line":116,"loc":{"start":{"line":116,"column":40},"end":{"line":117,"column":57}},"locations":[{"start":{"line":116,"column":40},"end":{"line":117,"column":57}}]}},"b":{"0":[6],"1":[5],"2":[5],"3":[5],"4":[5],"5":[5],"6":[5],"7":[5],"8":[25],"9":[0],"10":[0],"11":[5],"12":[10],"13":[5]},"fnMap":{"0":{"name":"ArmorInfo","decl":{"start":{"line":26,"column":18},"end":{"line":137,"column":2}},"loc":{"start":{"line":26,"column":18},"end":{"line":137,"column":2}},"line":26}},"f":{"0":6}}
,"D:\\dev\\Projetos por conta\\React\\React-mhw-api-v2\\src\\pages\\Armors\\ArmorInfo\\functions\\index.tsx": {"path":"D:\\dev\\Projetos por conta\\React\\React-mhw-api-v2\\src\\pages\\Armors\\ArmorInfo\\functions\\index.tsx","all":false,"statementMap":{"0":{"start":{"line":1,"column":0},"end":{"line":1,"column":52}},"1":{"start":{"line":2,"column":0},"end":{"line":2,"column":8}},"2":{"start":{"line":3,"column":0},"end":{"line":3,"column":9}},"3":{"start":{"line":4,"column":0},"end":{"line":4,"column":7}},"4":{"start":{"line":5,"column":0},"end":{"line":5,"column":6}},"5":{"start":{"line":6,"column":0},"end":{"line":6,"column":10}},"6":{"start":{"line":7,"column":0},"end":{"line":7,"column":8}},"7":{"start":{"line":8,"column":0},"end":{"line":8,"column":42}},"8":{"start":{"line":9,"column":0},"end":{"line":9,"column":58}},"9":{"start":{"line":10,"column":0},"end":{"line":10,"column":62}},"10":{"start":{"line":11,"column":0},"end":{"line":11,"column":0}},"11":{"start":{"line":12,"column":0},"end":{"line":12,"column":49}},"12":{"start":{"line":13,"column":0},"end":{"line":13,"column":10}},"13":{"start":{"line":14,"column":0},"end":{"line":14,"column":8}},"14":{"start":{"line":15,"column":0},"end":{"line":15,"column":11}},"15":{"start":{"line":16,"column":0},"end":{"line":16,"column":28}},"16":{"start":{"line":17,"column":0},"end":{"line":17,"column":16}},"17":{"start":{"line":18,"column":0},"end":{"line":18,"column":33}},"18":{"start":{"line":19,"column":0},"end":{"line":19,"column":17}},"19":{"start":{"line":20,"column":0},"end":{"line":20,"column":35}},"20":{"start":{"line":21,"column":0},"end":{"line":21,"column":19}},"21":{"start":{"line":22,"column":0},"end":{"line":22,"column":31}},"22":{"start":{"line":23,"column":0},"end":{"line":23,"column":15}},"23":{"start":{"line":24,"column":0},"end":{"line":24,"column":18}},"24":{"start":{"line":25,"column":0},"end":{"line":25,"column":7}},"25":{"start":{"line":26,"column":0},"end":{"line":26,"column":19}},"26":{"start":{"line":27,"column":0},"end":{"line":27,"column":6}},"27":{"start":{"line":28,"column":0},"end":{"line":28,"column":4}},"28":{"start":{"line":29,"column":0},"end":{"line":29,"column":2}},"29":{"start":{"line":30,"column":0},"end":{"line":30,"column":0}},"30":{"start":{"line":31,"column":0},"end":{"line":31,"column":77}},"31":{"start":{"line":32,"column":0},"end":{"line":32,"column":10}},"32":{"start":{"line":33,"column":0},"end":{"line":33,"column":6}},"33":{"start":{"line":34,"column":0},"end":{"line":34,"column":27}},"34":{"start":{"line":35,"column":0},"end":{"line":35,"column":27}},"35":{"start":{"line":36,"column":0},"end":{"line":36,"column":31}},"36":{"start":{"line":37,"column":0},"end":{"line":37,"column":28}},"37":{"start":{"line":38,"column":0},"end":{"line":38,"column":33}},"38":{"start":{"line":39,"column":0},"end":{"line":39,"column":30}},"39":{"start":{"line":40,"column":0},"end":{"line":40,"column":29}},"40":{"start":{"line":41,"column":0},"end":{"line":41,"column":26}},"41":{"start":{"line":42,"column":0},"end":{"line":42,"column":30}},"42":{"start":{"line":43,"column":0},"end":{"line":43,"column":7}},"43":{"start":{"line":44,"column":0},"end":{"line":44,"column":4}},"44":{"start":{"line":45,"column":0},"end":{"line":45,"column":2}},"45":{"start":{"line":46,"column":0},"end":{"line":46,"column":0}},"46":{"start":{"line":47,"column":0},"end":{"line":47,"column":28}},"47":{"start":{"line":48,"column":0},"end":{"line":48,"column":39}},"48":{"start":{"line":49,"column":0},"end":{"line":49,"column":15}},"49":{"start":{"line":50,"column":0},"end":{"line":50,"column":6}},"50":{"start":{"line":51,"column":0},"end":{"line":51,"column":18}},"51":{"start":{"line":52,"column":0},"end":{"line":52,"column":12}},"52":{"start":{"line":53,"column":0},"end":{"line":53,"column":43}},"53":{"start":{"line":54,"column":0},"end":{"line":54,"column":40}},"54":{"start":{"line":55,"column":0},"end":{"line":55,"column":30}},"55":{"start":{"line":56,"column":0},"end":{"line":56,"column":68}},"56":{"start":{"line":57,"column":0},"end":{"line":57,"column":17}},"57":{"start":{"line":58,"column":0},"end":{"line":58,"column":11}},"58":{"start":{"line":59,"column":0},"end":{"line":59,"column":17}},"59":{"start":{"line":60,"column":0},"end":{"line":60,"column":6}},"60":{"start":{"line":61,"column":0},"end":{"line":61,"column":3}},"61":{"start":{"line":62,"column":0},"end":{"line":62,"column":2}}},"s":{"0":1,"1":1,"2":1,"3":1,"4":1,"5":1,"6":1,"7":1,"8":1,"9":1,"10":1,"11":1,"12":25,"13":25,"14":25,"15":25,"16":5,"17":20,"18":5,"19":15,"20":5,"21":10,"22":5,"23":5,"24":25,"25":25,"26":25,"27":25,"28":25,"29":1,"30":1,"31":25,"32":25,"33":25,"34":5,"35":20,"36":5,"37":15,"38":5,"39":10,"40":5,"41":5,"42":25,"43":25,"44":25,"45":1,"46":1,"47":5,"48":5,"49":5,"50":5,"51":5,"52":5,"53":5,"54":25,"55":5,"56":5,"57":5,"58":5,"59":5,"60":5,"61":5},"branchMap":{"0":{"type":"branch","line":12,"loc":{"start":{"line":12,"column":27},"end":{"line":29,"column":2}},"locations":[{"start":{"line":12,"column":27},"end":{"line":29,"column":2}}]},"1":{"type":"branch","line":16,"loc":{"start":{"line":16,"column":19},"end":{"line":17,"column":16}},"locations":[{"start":{"line":16,"column":19},"end":{"line":17,"column":16}}]},"2":{"type":"branch","line":18,"loc":{"start":{"line":18,"column":-2},"end":{"line":24,"column":18}},"locations":[{"start":{"line":18,"column":-2},"end":{"line":24,"column":18}}]},"3":{"type":"branch","line":18,"loc":{"start":{"line":18,"column":23},"end":{"line":19,"column":17}},"locations":[{"start":{"line":18,"column":23},"end":{"line":19,"column":17}}]},"4":{"type":"branch","line":20,"loc":{"start":{"line":20,"column":-2},"end":{"line":24,"column":18}},"locations":[{"start":{"line":20,"column":-2},"end":{"line":24,"column":18}}]},"5":{"type":"branch","line":20,"loc":{"start":{"line":20,"column":23},"end":{"line":21,"column":19}},"locations":[{"start":{"line":20,"column":23},"end":{"line":21,"column":19}}]},"6":{"type":"branch","line":22,"loc":{"start":{"line":22,"column":-2},"end":{"line":24,"column":18}},"locations":[{"start":{"line":22,"column":-2},"end":{"line":24,"column":18}}]},"7":{"type":"branch","line":22,"loc":{"start":{"line":22,"column":23},"end":{"line":23,"column":15}},"locations":[{"start":{"line":22,"column":23},"end":{"line":23,"column":15}}]},"8":{"type":"branch","line":24,"loc":{"start":{"line":24,"column":-2},"end":{"line":24,"column":18}},"locations":[{"start":{"line":24,"column":-2},"end":{"line":24,"column":18}}]},"9":{"type":"branch","line":31,"loc":{"start":{"line":31,"column":28},"end":{"line":45,"column":2}},"locations":[{"start":{"line":31,"column":28},"end":{"line":45,"column":2}}]},"10":{"type":"branch","line":34,"loc":{"start":{"line":34,"column":18},"end":{"line":35,"column":27}},"locations":[{"start":{"line":34,"column":18},"end":{"line":35,"column":27}}]},"11":{"type":"branch","line":35,"loc":{"start":{"line":35,"column":23},"end":{"line":42,"column":30}},"locations":[{"start":{"line":35,"column":23},"end":{"line":42,"column":30}}]},"12":{"type":"branch","line":36,"loc":{"start":{"line":36,"column":21},"end":{"line":37,"column":28}},"locations":[{"start":{"line":36,"column":21},"end":{"line":37,"column":28}}]},"13":{"type":"branch","line":37,"loc":{"start":{"line":37,"column":23},"end":{"line":42,"column":30}},"locations":[{"start":{"line":37,"column":23},"end":{"line":42,"column":30}}]},"14":{"type":"branch","line":38,"loc":{"start":{"line":38,"column":21},"end":{"line":39,"column":30}},"locations":[{"start":{"line":38,"column":21},"end":{"line":39,"column":30}}]},"15":{"type":"branch","line":39,"loc":{"start":{"line":39,"column":23},"end":{"line":42,"column":30}},"locations":[{"start":{"line":39,"column":23},"end":{"line":42,"column":30}}]},"16":{"type":"branch","line":40,"loc":{"start":{"line":40,"column":21},"end":{"line":41,"column":26}},"locations":[{"start":{"line":40,"column":21},"end":{"line":41,"column":26}}]},"17":{"type":"branch","line":41,"loc":{"start":{"line":41,"column":23},"end":{"line":42,"column":30}},"locations":[{"start":{"line":41,"column":23},"end":{"line":42,"column":30}}]},"18":{"type":"branch","line":47,"loc":{"start":{"line":47,"column":27},"end":{"line":62,"column":2}},"locations":[{"start":{"line":47,"column":27},"end":{"line":62,"column":2}}]},"19":{"type":"branch","line":54,"loc":{"start":{"line":54,"column":29},"end":{"line":55,"column":30}},"locations":[{"start":{"line":54,"column":29},"end":{"line":55,"column":30}}]},"20":{"type":"branch","line":56,"loc":{"start":{"line":56,"column":27},"end":{"line":56,"column":53}},"locations":[{"start":{"line":56,"column":27},"end":{"line":56,"column":53}}]},"21":{"type":"branch","line":56,"loc":{"start":{"line":56,"column":47},"end":{"line":56,"column":68}},"locations":[{"start":{"line":56,"column":47},"end":{"line":56,"column":68}}]}},"b":{"0":[25],"1":[5],"2":[20],"3":[5],"4":[15],"5":[5],"6":[10],"7":[5],"8":[5],"9":[25],"10":[5],"11":[20],"12":[5],"13":[15],"14":[5],"15":[10],"16":[5],"17":[5],"18":[5],"19":[25],"20":[5],"21":[20]},"fnMap":{"0":{"name":"ailmentType","decl":{"start":{"line":12,"column":27},"end":{"line":29,"column":2}},"loc":{"start":{"line":12,"column":27},"end":{"line":29,"column":2}},"line":12},"1":{"name":"ailmentValue","decl":{"start":{"line":31,"column":28},"end":{"line":45,"column":2}},"loc":{"start":{"line":31,"column":28},"end":{"line":45,"column":2}},"line":31},"2":{"name":"skillChecks","decl":{"start":{"line":47,"column":27},"end":{"line":62,"column":2}},"loc":{"start":{"line":47,"column":27},"end":{"line":62,"column":2}},"line":47}},"f":{"0":25,"1":25,"2":5}}
,"D:\\dev\\Projetos por conta\\React\\React-mhw-api-v2\\src\\pages\\Armors\\ArmorMaterial\\index.tsx": {"path":"D:\\dev\\Projetos por conta\\React\\React-mhw-api-v2\\src\\pages\\Armors\\ArmorMaterial\\index.tsx","all":true,"statementMap":{"0":{"start":{"line":1,"column":0},"end":{"line":1,"column":48}},"1":{"start":{"line":2,"column":0},"end":{"line":2,"column":58}},"2":{"start":{"line":3,"column":0},"end":{"line":3,"column":54}},"3":{"start":{"line":4,"column":0},"end":{"line":4,"column":43}},"4":{"start":{"line":5,"column":0},"end":{"line":5,"column":68}},"5":{"start":{"line":6,"column":0},"end":{"line":6,"column":0}},"6":{"start":{"line":7,"column":0},"end":{"line":7,"column":29}},"7":{"start":{"line":8,"column":0},"end":{"line":8,"column":46}},"8":{"start":{"line":9,"column":0},"end":{"line":9,"column":0}},"9":{"start":{"line":10,"column":0},"end":{"line":10,"column":10}},"10":{"start":{"line":11,"column":0},"end":{"line":11,"column":13}},"11":{"start":{"line":12,"column":0},"end":{"line":12,"column":10}},"12":{"start":{"line":13,"column":0},"end":{"line":13,"column":13}},"13":{"start":{"line":14,"column":0},"end":{"line":14,"column":42}},"14":{"start":{"line":15,"column":0},"end":{"line":15,"column":45}},"15":{"start":{"line":16,"column":0},"end":{"line":16,"column":25}},"16":{"start":{"line":17,"column":0},"end":{"line":17,"column":9}},"17":{"start":{"line":18,"column":0},"end":{"line":18,"column":14}},"18":{"start":{"line":19,"column":0},"end":{"line":19,"column":8}},"19":{"start":{"line":20,"column":0},"end":{"line":20,"column":17}},"20":{"start":{"line":21,"column":0},"end":{"line":21,"column":15}},"21":{"start":{"line":22,"column":0},"end":{"line":22,"column":15}},"22":{"start":{"line":23,"column":0},"end":{"line":23,"column":50}},"23":{"start":{"line":24,"column":0},"end":{"line":24,"column":32}},"24":{"start":{"line":25,"column":0},"end":{"line":25,"column":29}},"25":{"start":{"line":26,"column":0},"end":{"line":26,"column":16}},"26":{"start":{"line":27,"column":0},"end":{"line":27,"column":15}},"27":{"start":{"line":28,"column":0},"end":{"line":28,"column":53}},"28":{"start":{"line":29,"column":0},"end":{"line":29,"column":16}},"29":{"start":{"line":30,"column":0},"end":{"line":30,"column":16}},"30":{"start":{"line":31,"column":0},"end":{"line":31,"column":23}},"31":{"start":{"line":32,"column":0},"end":{"line":32,"column":64}},"32":{"start":{"line":33,"column":0},"end":{"line":33,"column":58}},"33":{"start":{"line":34,"column":0},"end":{"line":34,"column":45}},"34":{"start":{"line":35,"column":0},"end":{"line":35,"column":40}},"35":{"start":{"line":36,"column":0},"end":{"line":36,"column":22}},"36":{"start":{"line":37,"column":0},"end":{"line":37,"column":13}},"37":{"start":{"line":38,"column":0},"end":{"line":38,"column":61}},"38":{"start":{"line":39,"column":0},"end":{"line":39,"column":19}},"39":{"start":{"line":40,"column":0},"end":{"line":40,"column":28}},"40":{"start":{"line":41,"column":0},"end":{"line":41,"column":73}},"41":{"start":{"line":42,"column":0},"end":{"line":42,"column":14}},"42":{"start":{"line":43,"column":0},"end":{"line":43,"column":12}},"43":{"start":{"line":44,"column":0},"end":{"line":44,"column":24}},"44":{"start":{"line":45,"column":0},"end":{"line":45,"column":18}},"45":{"start":{"line":46,"column":0},"end":{"line":46,"column":14}},"46":{"start":{"line":47,"column":0},"end":{"line":47,"column":4}},"47":{"start":{"line":48,"column":0},"end":{"line":48,"column":2}},"48":{"start":{"line":49,"column":0},"end":{"line":49,"column":0}},"49":{"start":{"line":50,"column":0},"end":{"line":50,"column":29}}},"s":{"0":0,"1":0,"2":0,"3":0,"4":0,"5":0,"6":0,"7":0,"8":0,"9":0,"10":0,"11":0,"12":0,"13":0,"14":0,"15":0,"16":0,"17":0,"18":0,"19":0,"20":0,"21":0,"22":0,"23":0,"24":0,"25":0,"26":0,"27":0,"28":0,"29":0,"30":0,"31":0,"32":0,"33":0,"34":0,"35":0,"36":0,"37":0,"38":0,"39":0,"40":0,"41":0,"42":0,"43":0,"44":0,"45":0,"46":0,"47":0,"48":0,"49":0},"branchMap":{"0":{"type":"branch","line":1,"loc":{"start":{"line":1,"column":0},"end":{"line":50,"column":29}},"locations":[{"start":{"line":1,"column":0},"end":{"line":50,"column":29}}]}},"b":{"0":[0]},"fnMap":{"0":{"name":"(empty-report)","decl":{"start":{"line":1,"column":0},"end":{"line":50,"column":29}},"loc":{"start":{"line":1,"column":0},"end":{"line":50,"column":29}},"line":1}},"f":{"0":0}}
,"D:\\dev\\Projetos por conta\\React\\React-mhw-api-v2\\src\\pages\\Armors\\ArmorSetList\\index.tsx": {"path":"D:\\dev\\Projetos por conta\\React\\React-mhw-api-v2\\src\\pages\\Armors\\ArmorSetList\\index.tsx","all":false,"statementMap":{"0":{"start":{"line":1,"column":0},"end":{"line":1,"column":78}},"1":{"start":{"line":2,"column":0},"end":{"line":2,"column":43}},"2":{"start":{"line":3,"column":0},"end":{"line":3,"column":67}},"3":{"start":{"line":4,"column":0},"end":{"line":4,"column":44}},"4":{"start":{"line":5,"column":0},"end":{"line":5,"column":8}},"5":{"start":{"line":6,"column":0},"end":{"line":6,"column":11}},"6":{"start":{"line":7,"column":0},"end":{"line":7,"column":13}},"7":{"start":{"line":8,"column":0},"end":{"line":8,"column":9}},"8":{"start":{"line":9,"column":0},"end":{"line":9,"column":11}},"9":{"start":{"line":10,"column":0},"end":{"line":10,"column":14}},"10":{"start":{"line":11,"column":0},"end":{"line":11,"column":8}},"11":{"start":{"line":12,"column":0},"end":{"line":12,"column":37}},"12":{"start":{"line":13,"column":0},"end":{"line":13,"column":56}},"13":{"start":{"line":14,"column":0},"end":{"line":14,"column":0}},"14":{"start":{"line":15,"column":0},"end":{"line":15,"column":28}},"15":{"start":{"line":16,"column":0},"end":{"line":16,"column":69}},"16":{"start":{"line":17,"column":0},"end":{"line":17,"column":63}},"17":{"start":{"line":18,"column":0},"end":{"line":18,"column":33}},"18":{"start":{"line":19,"column":0},"end":{"line":19,"column":0}},"19":{"start":{"line":20,"column":0},"end":{"line":20,"column":22}},"20":{"start":{"line":21,"column":0},"end":{"line":21,"column":19}},"21":{"start":{"line":22,"column":0},"end":{"line":22,"column":4}},"22":{"start":{"line":23,"column":0},"end":{"line":23,"column":0}},"23":{"start":{"line":24,"column":0},"end":{"line":24,"column":65}},"24":{"start":{"line":25,"column":0},"end":{"line":25,"column":22}},"25":{"start":{"line":26,"column":0},"end":{"line":26,"column":0}},"26":{"start":{"line":27,"column":0},"end":{"line":27,"column":19}},"27":{"start":{"line":28,"column":0},"end":{"line":28,"column":16}},"28":{"start":{"line":29,"column":0},"end":{"line":29,"column":13}},"29":{"start":{"line":30,"column":0},"end":{"line":30,"column":0}},"30":{"start":{"line":31,"column":0},"end":{"line":31,"column":10}},"31":{"start":{"line":32,"column":0},"end":{"line":32,"column":13}},"32":{"start":{"line":33,"column":0},"end":{"line":33,"column":11}},"33":{"start":{"line":34,"column":0},"end":{"line":34,"column":12}},"34":{"start":{"line":35,"column":0},"end":{"line":35,"column":54}},"35":{"start":{"line":36,"column":0},"end":{"line":36,"column":26}},"36":{"start":{"line":37,"column":0},"end":{"line":37,"column":30}},"37":{"start":{"line":38,"column":0},"end":{"line":38,"column":12}},"38":{"start":{"line":39,"column":0},"end":{"line":39,"column":9}},"39":{"start":{"line":40,"column":0},"end":{"line":40,"column":18}},"40":{"start":{"line":41,"column":0},"end":{"line":41,"column":14}},"41":{"start":{"line":42,"column":0},"end":{"line":42,"column":12}},"42":{"start":{"line":43,"column":0},"end":{"line":43,"column":56}},"43":{"start":{"line":44,"column":0},"end":{"line":44,"column":26}},"44":{"start":{"line":45,"column":0},"end":{"line":45,"column":31}},"45":{"start":{"line":46,"column":0},"end":{"line":46,"column":12}},"46":{"start":{"line":47,"column":0},"end":{"line":47,"column":9}},"47":{"start":{"line":48,"column":0},"end":{"line":48,"column":19}},"48":{"start":{"line":49,"column":0},"end":{"line":49,"column":14}},"49":{"start":{"line":50,"column":0},"end":{"line":50,"column":12}},"50":{"start":{"line":51,"column":0},"end":{"line":51,"column":60}},"51":{"start":{"line":52,"column":0},"end":{"line":52,"column":26}},"52":{"start":{"line":53,"column":0},"end":{"line":53,"column":33}},"53":{"start":{"line":54,"column":0},"end":{"line":54,"column":12}},"54":{"start":{"line":55,"column":0},"end":{"line":55,"column":9}},"55":{"start":{"line":56,"column":0},"end":{"line":56,"column":21}},"56":{"start":{"line":57,"column":0},"end":{"line":57,"column":14}},"57":{"start":{"line":58,"column":0},"end":{"line":58,"column":12}},"58":{"start":{"line":59,"column":0},"end":{"line":59,"column":17}},"59":{"start":{"line":60,"column":0},"end":{"line":60,"column":15}},"60":{"start":{"line":61,"column":0},"end":{"line":61,"column":69}},"61":{"start":{"line":62,"column":0},"end":{"line":62,"column":48}},"62":{"start":{"line":63,"column":0},"end":{"line":63,"column":16}},"63":{"start":{"line":64,"column":0},"end":{"line":64,"column":35}},"64":{"start":{"line":65,"column":0},"end":{"line":65,"column":38}},"65":{"start":{"line":66,"column":0},"end":{"line":66,"column":42}},"66":{"start":{"line":67,"column":0},"end":{"line":67,"column":45}},"67":{"start":{"line":68,"column":0},"end":{"line":68,"column":22}},"68":{"start":{"line":69,"column":0},"end":{"line":69,"column":39}},"69":{"start":{"line":70,"column":0},"end":{"line":70,"column":24}},"70":{"start":{"line":71,"column":0},"end":{"line":71,"column":47}},"71":{"start":{"line":72,"column":0},"end":{"line":72,"column":58}},"72":{"start":{"line":73,"column":0},"end":{"line":73,"column":25}},"73":{"start":{"line":74,"column":0},"end":{"line":74,"column":23}},"74":{"start":{"line":75,"column":0},"end":{"line":75,"column":23}},"75":{"start":{"line":76,"column":0},"end":{"line":76,"column":48}},"76":{"start":{"line":77,"column":0},"end":{"line":77,"column":24}},"77":{"start":{"line":78,"column":0},"end":{"line":78,"column":47}},"78":{"start":{"line":79,"column":0},"end":{"line":79,"column":75}},"79":{"start":{"line":80,"column":0},"end":{"line":80,"column":38}},"80":{"start":{"line":81,"column":0},"end":{"line":81,"column":61}},"81":{"start":{"line":82,"column":0},"end":{"line":82,"column":24}},"82":{"start":{"line":83,"column":0},"end":{"line":83,"column":21}},"83":{"start":{"line":84,"column":0},"end":{"line":84,"column":26}},"84":{"start":{"line":85,"column":0},"end":{"line":85,"column":29}},"85":{"start":{"line":86,"column":0},"end":{"line":86,"column":46}},"86":{"start":{"line":87,"column":0},"end":{"line":87,"column":36}},"87":{"start":{"line":88,"column":0},"end":{"line":88,"column":51}},"88":{"start":{"line":89,"column":0},"end":{"line":89,"column":40}},"89":{"start":{"line":90,"column":0},"end":{"line":90,"column":52}},"90":{"start":{"line":91,"column":0},"end":{"line":91,"column":38}},"91":{"start":{"line":92,"column":0},"end":{"line":92,"column":51}},"92":{"start":{"line":93,"column":0},"end":{"line":93,"column":35}},"93":{"start":{"line":94,"column":0},"end":{"line":94,"column":50}},"94":{"start":{"line":95,"column":0},"end":{"line":95,"column":38}},"95":{"start":{"line":96,"column":0},"end":{"line":96,"column":41}},"96":{"start":{"line":97,"column":0},"end":{"line":97,"column":25}},"97":{"start":{"line":98,"column":0},"end":{"line":98,"column":40}},"98":{"start":{"line":99,"column":0},"end":{"line":99,"column":24}},"99":{"start":{"line":100,"column":0},"end":{"line":100,"column":26}},"100":{"start":{"line":101,"column":0},"end":{"line":101,"column":21}},"101":{"start":{"line":102,"column":0},"end":{"line":102,"column":24}},"102":{"start":{"line":103,"column":0},"end":{"line":103,"column":20}},"103":{"start":{"line":104,"column":0},"end":{"line":104,"column":15}},"104":{"start":{"line":105,"column":0},"end":{"line":105,"column":16}},"105":{"start":{"line":106,"column":0},"end":{"line":106,"column":22}},"106":{"start":{"line":107,"column":0},"end":{"line":107,"column":18}},"107":{"start":{"line":108,"column":0},"end":{"line":108,"column":14}},"108":{"start":{"line":109,"column":0},"end":{"line":109,"column":4}},"109":{"start":{"line":110,"column":0},"end":{"line":110,"column":2}},"110":{"start":{"line":111,"column":0},"end":{"line":111,"column":0}},"111":{"start":{"line":112,"column":0},"end":{"line":112,"column":28}}},"s":{"0":1,"1":1,"2":1,"3":1,"4":1,"5":1,"6":1,"7":1,"8":1,"9":1,"10":1,"11":1,"12":1,"13":1,"14":1,"15":7,"16":7,"17":2,"18":2,"19":2,"20":2,"21":2,"22":7,"23":7,"24":7,"25":7,"26":7,"27":5,"28":7,"29":7,"30":7,"31":7,"32":7,"33":7,"34":7,"35":7,"36":0,"37":0,"38":7,"39":7,"40":7,"41":7,"42":7,"43":7,"44":1,"45":1,"46":7,"47":7,"48":7,"49":7,"50":7,"51":7,"52":1,"53":1,"54":7,"55":7,"56":7,"57":7,"58":7,"59":7,"60":7,"61":7,"62":7,"63":7,"64":7,"65":7,"66":14,"67":7,"68":7,"69":7,"70":7,"71":7,"72":7,"73":7,"74":7,"75":7,"76":70,"77":70,"78":7,"79":7,"80":0,"81":0,"82":7,"83":7,"84":7,"85":7,"86":14,"87":56,"88":14,"89":42,"90":14,"91":28,"92":14,"93":14,"94":14,"95":0,"96":7,"97":7,"98":7,"99":7,"100":7,"101":7,"102":7,"103":7,"104":7,"105":7,"106":7,"107":7,"108":7,"109":7,"110":1,"111":1},"branchMap":{"0":{"type":"branch","line":15,"loc":{"start":{"line":15,"column":21},"end":{"line":110,"column":2}},"locations":[{"start":{"line":15,"column":21},"end":{"line":110,"column":2}}]},"1":{"type":"branch","line":35,"loc":{"start":{"line":35,"column":32},"end":{"line":35,"column":51}},"locations":[{"start":{"line":35,"column":32},"end":{"line":35,"column":51}}]},"2":{"type":"branch","line":43,"loc":{"start":{"line":43,"column":32},"end":{"line":43,"column":53}},"locations":[{"start":{"line":43,"column":32},"end":{"line":43,"column":53}}]},"3":{"type":"branch","line":51,"loc":{"start":{"line":51,"column":32},"end":{"line":51,"column":57}},"locations":[{"start":{"line":51,"column":32},"end":{"line":51,"column":57}}]},"4":{"type":"branch","line":17,"loc":{"start":{"line":17,"column":21},"end":{"line":22,"column":4}},"locations":[{"start":{"line":17,"column":21},"end":{"line":22,"column":4}}]},"5":{"type":"branch","line":18,"loc":{"start":{"line":18,"column":26},"end":{"line":18,"column":33}},"locations":[{"start":{"line":18,"column":26},"end":{"line":18,"column":33}}]},"6":{"type":"branch","line":27,"loc":{"start":{"line":27,"column":12},"end":{"line":29,"column":5}},"locations":[{"start":{"line":27,"column":12},"end":{"line":29,"column":5}}]},"7":{"type":"branch","line":44,"loc":{"start":{"line":44,"column":19},"end":{"line":46,"column":12}},"locations":[{"start":{"line":44,"column":19},"end":{"line":46,"column":12}}]},"8":{"type":"branch","line":52,"loc":{"start":{"line":52,"column":19},"end":{"line":54,"column":12}},"locations":[{"start":{"line":52,"column":19},"end":{"line":54,"column":12}}]},"9":{"type":"branch","line":66,"loc":{"start":{"line":66,"column":30},"end":{"line":67,"column":45}},"locations":[{"start":{"line":66,"column":30},"end":{"line":67,"column":45}}]},"10":{"type":"branch","line":76,"loc":{"start":{"line":76,"column":36},"end":{"line":78,"column":47}},"locations":[{"start":{"line":76,"column":36},"end":{"line":78,"column":47}}]},"11":{"type":"branch","line":79,"loc":{"start":{"line":79,"column":45},"end":{"line":79,"column":72}},"locations":[{"start":{"line":79,"column":45},"end":{"line":79,"column":72}}]},"12":{"type":"branch","line":86,"loc":{"start":{"line":86,"column":40},"end":{"line":87,"column":36}},"locations":[{"start":{"line":86,"column":40},"end":{"line":87,"column":36}}]},"13":{"type":"branch","line":88,"loc":{"start":{"line":88,"column":-2},"end":{"line":96,"column":41}},"locations":[{"start":{"line":88,"column":-2},"end":{"line":96,"column":41}}]},"14":{"type":"branch","line":88,"loc":{"start":{"line":88,"column":44},"end":{"line":89,"column":40}},"locations":[{"start":{"line":88,"column":44},"end":{"line":89,"column":40}}]},"15":{"type":"branch","line":90,"loc":{"start":{"line":90,"column":-2},"end":{"line":96,"column":41}},"locations":[{"start":{"line":90,"column":-2},"end":{"line":96,"column":41}}]},"16":{"type":"branch","line":90,"loc":{"start":{"line":90,"column":44},"end":{"line":91,"column":38}},"locations":[{"start":{"line":90,"column":44},"end":{"line":91,"column":38}}]},"17":{"type":"branch","line":92,"loc":{"start":{"line":92,"column":-2},"end":{"line":96,"column":41}},"locations":[{"start":{"line":92,"column":-2},"end":{"line":96,"column":41}}]},"18":{"type":"branch","line":92,"loc":{"start":{"line":92,"column":44},"end":{"line":93,"column":35}},"locations":[{"start":{"line":92,"column":44},"end":{"line":93,"column":35}}]},"19":{"type":"branch","line":94,"loc":{"start":{"line":94,"column":-2},"end":{"line":96,"column":41}},"locations":[{"start":{"line":94,"column":-2},"end":{"line":96,"column":41}}]},"20":{"type":"branch","line":96,"loc":{"start":{"line":96,"column":-2},"end":{"line":96,"column":41}},"locations":[{"start":{"line":96,"column":-2},"end":{"line":96,"column":41}}]}},"b":{"0":[7],"1":[5],"2":[1],"3":[1],"4":[2],"5":[0],"6":[5],"7":[1],"8":[1],"9":[14],"10":[70],"11":[7],"12":[14],"13":[56],"14":[14],"15":[42],"16":[14],"17":[28],"18":[14],"19":[14],"20":[0]},"fnMap":{"0":{"name":"ArmorSetList","decl":{"start":{"line":15,"column":21},"end":{"line":110,"column":2}},"loc":{"start":{"line":15,"column":21},"end":{"line":110,"column":2}},"line":15},"1":{"name":"changeRank","decl":{"start":{"line":17,"column":21},"end":{"line":22,"column":4}},"loc":{"start":{"line":17,"column":21},"end":{"line":22,"column":4}},"line":17},"2":{"name":"onClick","decl":{"start":{"line":36,"column":19},"end":{"line":38,"column":12}},"loc":{"start":{"line":36,"column":19},"end":{"line":38,"column":12}},"line":36},"3":{"name":"onClick","decl":{"start":{"line":44,"column":19},"end":{"line":46,"column":12}},"loc":{"start":{"line":44,"column":19},"end":{"line":46,"column":12}},"line":44},"4":{"name":"onClick","decl":{"start":{"line":52,"column":19},"end":{"line":54,"column":12}},"loc":{"start":{"line":52,"column":19},"end":{"line":54,"column":12}},"line":52},"5":{"name":"onClick","decl":{"start":{"line":80,"column":31},"end":{"line":82,"column":24}},"loc":{"start":{"line":80,"column":31},"end":{"line":82,"column":24}},"line":80}},"f":{"0":7,"1":2,"2":0,"3":1,"4":1,"5":0}}
}
