TN:
SF:src\components\Header\index.tsx
FN:3,Header
FNF:1
FNH:1
FNDA:1,Header
DA:1,1
DA:2,1
DA:3,1
DA:4,1
DA:5,1
DA:6,1
DA:7,1
DA:8,1
DA:9,1
DA:10,1
DA:11,1
DA:12,1
LF:12
LH:12
BRDA:3,0,0,1
BRF:1
BRH:1
end_of_record
TN:
SF:src\components\Loader\index.tsx
FN:3,Loader
FNF:1
FNH:1
FNDA:1,Loader
DA:1,1
DA:2,1
DA:3,1
DA:4,1
DA:5,1
DA:6,1
DA:7,1
DA:8,1
DA:9,1
DA:10,1
DA:11,1
DA:12,1
DA:13,1
DA:14,1
DA:15,1
DA:16,1
LF:16
LH:16
BRDA:3,0,0,1
BRF:1
BRH:1
end_of_record
TN:
SF:src\components\NoData\index.tsx
FN:9,NoData
FN:25,Object.<anonymous>._default
FNF:2
FNH:2
FNDA:1,NoData
FNDA:1,Object.<anonymous>._default
DA:1,1
DA:2,1
DA:3,1
DA:4,1
DA:5,1
DA:6,1
DA:7,1
DA:8,1
DA:9,1
DA:10,1
DA:11,1
DA:12,1
DA:13,1
DA:14,1
DA:15,1
DA:16,1
DA:17,1
DA:18,1
DA:19,1
DA:20,1
DA:21,1
DA:22,1
DA:23,1
DA:24,1
DA:25,1
DA:26,1
DA:27,1
DA:28,1
DA:29,1
DA:30,1
DA:31,1
DA:32,1
LF:32
LH:32
BRDA:9,0,0,1
BRDA:12,1,0,0
BRDA:13,2,0,0
BRDA:25,3,0,1
BRDA:26,4,0,1
BRF:5
BRH:3
end_of_record
TN:
SF:src\components\Pagination\index.tsx
FN:5,Pagination
FN:12,onClick
FN:22,onClick
FN:30,onClick
FNF:4
FNH:4
FNDA:10,Pagination
FNDA:1,onClick
FNDA:1,onClick
FNDA:1,onClick
DA:1,1
DA:2,1
DA:3,1
DA:4,1
DA:5,1
DA:6,10
DA:7,10
DA:8,10
DA:9,10
DA:10,10
DA:11,10
DA:12,10
DA:13,1
DA:14,1
DA:15,10
DA:16,10
DA:17,10
DA:18,10
DA:19,9
DA:20,9
DA:21,10
DA:22,10
DA:23,1
DA:24,1
DA:25,10
DA:26,10
DA:27,10
DA:28,10
DA:29,10
DA:30,10
DA:31,1
DA:32,1
DA:33,10
DA:34,10
DA:35,10
DA:36,10
DA:37,10
DA:38,10
DA:39,1
DA:40,1
LF:40
LH:40
BRDA:5,0,0,10
BRDA:18,1,0,3
BRDA:12,2,0,1
BRDA:18,3,0,9
BRDA:21,4,0,3
BRDA:22,5,0,1
BRDA:30,6,0,1
BRF:7
BRH:7
end_of_record
TN:
SF:src\pages\Armors\index.tsx
FN:1,(empty-report)
FNF:1
FNH:0
FNDA:0,(empty-report)
DA:1,0
DA:2,0
DA:3,0
DA:4,0
DA:5,0
DA:6,0
DA:7,0
DA:8,0
DA:9,0
DA:10,0
DA:11,0
DA:12,0
DA:13,0
DA:14,0
DA:15,0
DA:16,0
DA:17,0
DA:18,0
DA:19,0
DA:20,0
DA:21,0
DA:22,0
LF:22
LH:0
BRDA:1,0,0,0
BRF:1
BRH:0
end_of_record
TN:
SF:src\pages\Armors\ArmorInfo\index.tsx
FN:26,ArmorInfo
FNF:1
FNH:1
FNDA:7,ArmorInfo
DA:1,1
DA:2,1
DA:3,1
DA:4,1
DA:5,1
DA:6,1
DA:7,1
DA:8,1
DA:9,1
DA:10,1
DA:11,1
DA:12,1
DA:13,1
DA:14,1
DA:15,1
DA:16,1
DA:17,1
DA:18,1
DA:19,1
DA:20,1
DA:21,1
DA:22,1
DA:23,1
DA:24,1
DA:25,1
DA:26,1
DA:27,7
DA:28,7
DA:29,7
DA:30,7
DA:31,7
DA:32,7
DA:33,7
DA:34,7
DA:35,7
DA:36,7
DA:37,7
DA:38,7
DA:39,7
DA:40,7
DA:41,7
DA:42,7
DA:43,7
DA:44,7
DA:45,7
DA:46,7
DA:47,7
DA:48,7
DA:49,30
DA:50,7
DA:51,7
DA:52,7
DA:53,7
DA:54,7
DA:55,7
DA:56,7
DA:57,7
DA:58,7
DA:59,7
DA:60,7
DA:61,7
DA:62,7
DA:63,7
DA:64,7
DA:65,7
DA:66,7
DA:67,0
DA:68,0
DA:69,0
DA:70,7
DA:71,7
DA:72,7
DA:73,7
DA:74,7
DA:75,7
DA:76,0
DA:77,0
DA:78,0
DA:79,7
DA:80,7
DA:81,7
DA:82,7
DA:83,7
DA:84,7
DA:85,7
DA:86,7
DA:87,7
DA:88,7
DA:89,7
DA:90,7
DA:91,7
DA:92,7
DA:93,7
DA:94,7
DA:95,7
DA:96,7
DA:97,6
DA:98,7
DA:99,7
DA:100,7
DA:101,7
DA:102,7
DA:103,7
DA:104,7
DA:105,7
DA:106,7
DA:107,7
DA:108,7
DA:109,7
DA:110,7
DA:111,7
DA:112,7
DA:113,7
DA:114,7
DA:115,7
DA:116,7
DA:117,6
DA:118,7
DA:119,7
DA:120,7
DA:121,7
DA:122,7
DA:123,7
DA:124,7
DA:125,7
DA:126,7
DA:127,7
DA:128,7
DA:129,7
DA:130,7
DA:131,7
DA:132,7
DA:133,7
DA:134,7
DA:135,7
DA:136,7
DA:137,7
DA:138,1
DA:139,1
LF:139
LH:133
BRDA:26,0,0,7
BRDA:35,1,0,6
BRDA:46,2,0,6
BRDA:60,3,0,6
BRDA:84,4,0,6
BRDA:96,5,0,6
BRDA:108,6,0,6
BRDA:116,7,0,6
BRDA:48,8,0,30
BRDA:67,9,0,0
BRDA:75,10,0,0
BRDA:96,11,0,6
BRDA:103,12,0,12
BRDA:116,13,0,6
BRF:14
BRH:12
end_of_record
TN:
SF:src\pages\Armors\ArmorInfo\functions\index.tsx
FN:12,ailmentType
FN:31,ailmentValue
FN:47,skillChecks
FNF:3
FNH:3
FNDA:30,ailmentType
FNDA:30,ailmentValue
FNDA:6,skillChecks
DA:1,1
DA:2,1
DA:3,1
DA:4,1
DA:5,1
DA:6,1
DA:7,1
DA:8,1
DA:9,1
DA:10,1
DA:11,1
DA:12,1
DA:13,30
DA:14,30
DA:15,30
DA:16,30
DA:17,6
DA:18,24
DA:19,6
DA:20,18
DA:21,6
DA:22,12
DA:23,6
DA:24,6
DA:25,30
DA:26,30
DA:27,30
DA:28,30
DA:29,30
DA:30,1
DA:31,1
DA:32,30
DA:33,30
DA:34,30
DA:35,6
DA:36,24
DA:37,6
DA:38,18
DA:39,6
DA:40,12
DA:41,6
DA:42,6
DA:43,30
DA:44,30
DA:45,30
DA:46,1
DA:47,1
DA:48,6
DA:49,6
DA:50,6
DA:51,6
DA:52,6
DA:53,6
DA:54,6
DA:55,30
DA:56,6
DA:57,6
DA:58,6
DA:59,6
DA:60,6
DA:61,6
DA:62,6
LF:62
LH:62
BRDA:12,0,0,30
BRDA:16,1,0,6
BRDA:18,2,0,24
BRDA:18,3,0,6
BRDA:20,4,0,18
BRDA:20,5,0,6
BRDA:22,6,0,12
BRDA:22,7,0,6
BRDA:24,8,0,6
BRDA:31,9,0,30
BRDA:34,10,0,6
BRDA:35,11,0,24
BRDA:36,12,0,6
BRDA:37,13,0,18
BRDA:38,14,0,6
BRDA:39,15,0,12
BRDA:40,16,0,6
BRDA:41,17,0,6
BRDA:47,18,0,6
BRDA:54,19,0,30
BRDA:56,20,0,6
BRDA:56,21,0,24
BRF:22
BRH:22
end_of_record
TN:
SF:src\pages\Armors\ArmorMaterial\index.tsx
FN:7,ArmorMaterial
FNF:1
FNH:1
FNDA:2,ArmorMaterial
DA:1,1
DA:2,1
DA:3,1
DA:4,1
DA:5,1
DA:6,1
DA:7,1
DA:8,2
DA:9,2
DA:10,2
DA:11,2
DA:12,2
DA:13,2
DA:14,2
DA:15,2
DA:16,0
DA:17,2
DA:18,2
DA:19,2
DA:20,2
DA:21,2
DA:22,2
DA:23,2
DA:24,2
DA:25,2
DA:26,2
DA:27,2
DA:28,2
DA:29,2
DA:30,2
DA:31,2
DA:32,2
DA:33,8
DA:34,2
DA:35,2
DA:36,2
DA:37,2
DA:38,2
DA:39,2
DA:40,2
DA:41,2
DA:42,2
DA:43,2
DA:44,2
DA:45,2
DA:46,2
DA:47,2
DA:48,2
DA:49,1
DA:50,1
LF:50
LH:49
BRDA:7,0,0,2
BRDA:15,1,0,0
BRDA:32,2,0,8
BRF:3
BRH:2
end_of_record
TN:
SF:src\pages\Armors\ArmorSetList\index.tsx
FN:15,ArmorSetList
FN:17,changeRank
FN:36,onClick
FN:44,onClick
FN:52,onClick
FN:80,onClick
FNF:6
FNH:4
FNDA:7,ArmorSetList
FNDA:2,changeRank
FNDA:0,onClick
FNDA:1,onClick
FNDA:1,onClick
FNDA:0,onClick
DA:1,1
DA:2,1
DA:3,1
DA:4,1
DA:5,1
DA:6,1
DA:7,1
DA:8,1
DA:9,1
DA:10,1
DA:11,1
DA:12,1
DA:13,1
DA:14,1
DA:15,1
DA:16,7
DA:17,7
DA:18,2
DA:19,2
DA:20,2
DA:21,2
DA:22,2
DA:23,7
DA:24,7
DA:25,7
DA:26,7
DA:27,7
DA:28,5
DA:29,7
DA:30,7
DA:31,7
DA:32,7
DA:33,7
DA:34,7
DA:35,7
DA:36,7
DA:37,0
DA:38,0
DA:39,7
DA:40,7
DA:41,7
DA:42,7
DA:43,7
DA:44,7
DA:45,1
DA:46,1
DA:47,7
DA:48,7
DA:49,7
DA:50,7
DA:51,7
DA:52,7
DA:53,1
DA:54,1
DA:55,7
DA:56,7
DA:57,7
DA:58,7
DA:59,7
DA:60,7
DA:61,7
DA:62,7
DA:63,7
DA:64,7
DA:65,7
DA:66,7
DA:67,14
DA:68,7
DA:69,7
DA:70,7
DA:71,7
DA:72,7
DA:73,7
DA:74,7
DA:75,7
DA:76,7
DA:77,70
DA:78,70
DA:79,7
DA:80,7
DA:81,0
DA:82,0
DA:83,7
DA:84,7
DA:85,7
DA:86,7
DA:87,14
DA:88,56
DA:89,14
DA:90,42
DA:91,14
DA:92,28
DA:93,14
DA:94,14
DA:95,14
DA:96,0
DA:97,7
DA:98,7
DA:99,7
DA:100,7
DA:101,7
DA:102,7
DA:103,7
DA:104,7
DA:105,7
DA:106,7
DA:107,7
DA:108,7
DA:109,7
DA:110,7
DA:111,1
DA:112,1
LF:112
LH:107
BRDA:15,0,0,7
BRDA:35,1,0,5
BRDA:43,2,0,1
BRDA:51,3,0,1
BRDA:17,4,0,2
BRDA:18,5,0,0
BRDA:27,6,0,5
BRDA:44,7,0,1
BRDA:52,8,0,1
BRDA:66,9,0,14
BRDA:76,10,0,70
BRDA:79,11,0,7
BRDA:86,12,0,14
BRDA:88,13,0,56
BRDA:88,14,0,14
BRDA:90,15,0,42
BRDA:90,16,0,14
BRDA:92,17,0,28
BRDA:92,18,0,14
BRDA:94,19,0,14
BRDA:96,20,0,0
BRF:21
BRH:19
end_of_record
